2018-02-24 17:40:26,946 - com.qspiders.KeyDriver - INFO - **********************Starting Frame Work**********************
2018-02-24 17:40:43,381 - com.qspiders.KeyDriver - INFO - Total Number of Scenarios:2
2018-02-24 17:40:43,515 - com.qspiders.KeyDriver - INFO - ======================================================
2018-02-24 17:40:43,515 - com.qspiders.KeyDriver - INFO - Starting scenario:Scenario1
2018-02-24 17:40:43,598 - com.qspiders.KeyDriver - INFO - StepCount:4
2018-02-24 17:40:43,908 - com.qspiders.KeyDriver - INFO - enter username
2018-02-24 17:40:43,962 - com.qspiders.FWLibrary - INFO - Element found with xpath://input[@id='username']
2018-02-24 17:40:44,093 - com.qspiders.FWLibrary - INFO - Entering "admin"
2018-02-24 17:40:44,211 - com.qspiders.KeyDriver - INFO - enter password
2018-02-24 17:40:44,280 - com.qspiders.FWLibrary - INFO - Element found with xpath://input[@name='pwd']
2018-02-24 17:40:44,370 - com.qspiders.FWLibrary - INFO - Entering "manager"
2018-02-24 17:40:44,480 - com.qspiders.KeyDriver - INFO - click login
2018-02-24 17:40:44,511 - com.qspiders.FWLibrary - INFO - Element found with xpath://a[@id='loginButton']
2018-02-24 17:40:44,737 - com.qspiders.KeyDriver - INFO - click logout
2018-02-24 17:40:51,243 - com.qspiders.FWLibrary - INFO - Element found with xpath://a[@id='logoutLink']
2018-02-24 17:40:52,641 - com.qspiders.KeyDriver - INFO - Ending scenario:Scenario1
2018-02-24 17:40:52,641 - com.qspiders.KeyDriver - INFO - !!!! Execution Status of above scenario:PASS !!!!
2018-02-24 17:40:52,641 - com.qspiders.KeyDriver - INFO - ======================================================
2018-02-24 17:40:52,763 - com.qspiders.KeyDriver - INFO - _________________________________________________________
2018-02-24 17:40:52,763 - com.qspiders.KeyDriver - WARN - Skipping scenario:Scenario2
2018-02-24 17:40:53,510 - com.qspiders.KeyDriver - INFO - Total Pass:1 ; Total Fail:0 ; Total Skip:1
2018-02-24 17:40:53,510 - com.qspiders.KeyDriver - INFO - **********************Ending Frame Work**********************
